<?xml version="1.0" encoding="UTF-8"?>
<!-- Generated by org.testng.reporters.JUnitReportReporter -->
<testsuite skipped="0" hostname="MININT-UM25UFB" name="com.dollardays.testcases.MenuTestcase" tests="6" failures="0" timestamp="2020-10-16T16:18:36 EDT" time="74.552" errors="0">
  <testcase name="verifyMenuItemsTest" time="11.039" classname="com.dollardays.testcases.MenuTestcase"/>
  <system-out/>
  <testcase name="verifyMaskSanitizerPPETest" time="13.659" classname="com.dollardays.testcases.MenuTestcase"/>
  <system-out/>
  <testcase name="verifyForwardBackpacksTest" time="13.605" classname="com.dollardays.testcases.MenuTestcase"/>
  <system-out/>
  <testcase name="verifyBabyTest" time="11.085" classname="com.dollardays.testcases.MenuTestcase"/>
  <system-out/>
  <testcase name="verifyfAQsTest" time="12.108" classname="com.dollardays.testcases.MenuTestcase"/>
  <system-out/>
  <testcase name="verifyElementsOnfAQsTest" time="13.056" classname="com.dollardays.testcases.MenuTestcase"/>
  <system-out/>
</testsuite> <!-- com.dollardays.testcases.MenuTestcase -->
