<?xml version="1.0" encoding="UTF-8"?>
<!-- Generated by org.testng.reporters.JUnitReportReporter -->
<testsuite skipped="0" hostname="MININT-UM25UFB" name="com.dollardays.testcases.MenuTestcase" tests="6" failures="0" timestamp="2020-10-05T21:32:53 EDT" time="78.810" errors="0">
  <testcase name="verifyMenuItemsTest" time="11.172" classname="com.dollardays.testcases.MenuTestcase"/>
  <system-out/>
  <testcase name="verifyMaskSanitizerPPETest" time="13.272" classname="com.dollardays.testcases.MenuTestcase"/>
  <system-out/>
  <testcase name="verifyForwardBackpacksTest" time="15.485" classname="com.dollardays.testcases.MenuTestcase"/>
  <system-out/>
  <testcase name="verifyBabyTest" time="11.905" classname="com.dollardays.testcases.MenuTestcase"/>
  <system-out/>
  <testcase name="verifyfAQsTest" time="12.370" classname="com.dollardays.testcases.MenuTestcase"/>
  <system-out/>
  <testcase name="verifyElementsOnfAQsTest" time="14.606" classname="com.dollardays.testcases.MenuTestcase"/>
  <system-out/>
</testsuite> <!-- com.dollardays.testcases.MenuTestcase -->
