<?xml version="1.0" encoding="UTF-8"?>
<!-- Generated by org.testng.reporters.JUnitReportReporter -->
<testsuite skipped="0" hostname="MININT-UM25UFB" name="com.dollardays.testcases.MenuTestcase" tests="6" failures="0" timestamp="15 Oct 2020 01:02:23 GMT" time="136.774" errors="0">
  <testcase name="verifyMenuItemsTest" time="19.654" classname="com.dollardays.testcases.MenuTestcase"/>
  <testcase name="verifyMaskSanitizerPPETest" time="31.205" classname="com.dollardays.testcases.MenuTestcase"/>
  <testcase name="verifyForwardBackpacksTest" time="18.328" classname="com.dollardays.testcases.MenuTestcase"/>
  <testcase name="verifyBabyTest" time="21.652" classname="com.dollardays.testcases.MenuTestcase"/>
  <testcase name="verifyfAQsTest" time="23.465" classname="com.dollardays.testcases.MenuTestcase"/>
  <testcase name="verifyElementsOnfAQsTest" time="22.470" classname="com.dollardays.testcases.MenuTestcase"/>
</testsuite> <!-- com.dollardays.testcases.MenuTestcase -->
